<?xml version="1.0" encoding="UTF-8"?>
<!-- Generated by org.testng.reporters.JUnitReportReporter -->
<testsuite skipped="0" hostname="DESKTOP-N60QB27" name="testcases.TaskPageTest" tests="3" failures="0" timestamp="2022-10-07T02:43:37 IST" time="11.585" errors="0">
  <testcase name="loginTest" time="3.877" classname="testcases.TaskPageTest"/>
  <system-out/>
  <testcase name="navigateToTaskPageTest" time="5.316" classname="testcases.TaskPageTest"/>
  <system-out/>
  <testcase name="createTaskTest" time="2.392" classname="testcases.TaskPageTest"/>
  <system-out/>
</testsuite> <!-- testcases.TaskPageTest -->
