<?xml version="1.0" encoding="UTF-8"?>
<!-- Generated by org.testng.reporters.JUnitReportReporter -->
<testsuite skipped="0" hostname="DESKTOP-N60QB27" name="rough.Test2" tests="1" failures="0" timestamp="2022-10-07T17:55:17 IST" time="0.011" errors="0">
  <testcase name="t2" time="0.011" classname="rough.Test2"/>
  <system-out/>
</testsuite> <!-- rough.Test2 -->
