<?xml version="1.0" encoding="UTF-8"?>
<!-- Generated by org.testng.reporters.JUnitReportReporter -->
<testsuite skipped="0" hostname="DESKTOP-N60QB27" name="testcases.LoginTest" tests="1" failures="0" timestamp="2022-10-07T01:58:56 IST" time="3.924" errors="0">
  <testcase name="loginTest" time="3.924" classname="testcases.LoginTest"/>
  <system-out/>
</testsuite> <!-- testcases.LoginTest -->
