<?xml version="1.0" encoding="UTF-8"?>
<!-- Generated by org.testng.reporters.JUnitReportReporter -->
<testsuite skipped="0" hostname="DESKTOP-N60QB27" name="testcases.HomePageTest" tests="2" failures="0" timestamp="2022-10-07T01:58:56 IST" time="0.294" errors="0">
  <testcase name="verifyDashboard" time="0.142" classname="testcases.HomePageTest"/>
  <system-out/>
  <testcase name="verifyTask" time="0.152" classname="testcases.HomePageTest"/>
  <system-out/>
</testsuite> <!-- testcases.HomePageTest -->
